<?xml version="1.0" encoding="UTF-8"?>
<testsuite name="com.yoo.springBootMailStudy.service.EmailServiceTest" tests="1" skipped="0" failures="0" errors="0" timestamp="2024-03-10T10:14:42" hostname="Yooui-MacBookPro.local" time="4.082">
  <properties/>
  <testcase name="이메일 발송 - 발신자명 변경" classname="com.yoo.springBootMailStudy.service.EmailServiceTest" time="4.082"/>
  <system-out><![CDATA[19:14:40.826 [Test worker] INFO org.springframework.test.context.support.AnnotationConfigContextLoaderUtils -- Could not detect default configuration classes for test class [com.yoo.springBootMailStudy.service.EmailServiceTest]: EmailServiceTest does not declare any static, non-private, non-final, nested classes annotated with @Configuration.
19:14:40.872 [Test worker] INFO org.springframework.boot.test.context.SpringBootTestContextBootstrapper -- Found @SpringBootConfiguration com.yoo.springBootMailStudy.SpringBootMailStudyApplication for test class com.yoo.springBootMailStudy.service.EmailServiceTest

  .   ____          _            __ _ _
 /\\ / ___'_ __ _ _(_)_ __  __ _ \ \ \ \
( ( )\___ | '_ | '_| | '_ \/ _` | \ \ \ \
 \\/  ___)| |_)| | | | | || (_| |  ) ) ) )
  '  |____| .__|_| |_|_| |_\__, | / / / /
 =========|_|==============|___/=/_/_/_/
 :: Spring Boot ::                (v3.2.3)

2024-03-10T19:14:41.061+09:00  INFO 64613 --- [    Test worker] c.y.s.service.EmailServiceTest           : Starting EmailServiceTest using Java 17.0.9 with PID 64613 (started by yoo in /Users/yoo/Desktop/Project/springBootMailStudy)
2024-03-10T19:14:41.062+09:00  INFO 64613 --- [    Test worker] c.y.s.service.EmailServiceTest           : No active profile set, falling back to 1 default profile: "default"
2024-03-10T19:14:41.346+09:00  INFO 64613 --- [    Test worker] .s.d.r.c.RepositoryConfigurationDelegate : Bootstrapping Spring Data JPA repositories in DEFAULT mode.
2024-03-10T19:14:41.356+09:00  INFO 64613 --- [    Test worker] .s.d.r.c.RepositoryConfigurationDelegate : Finished Spring Data repository scanning in 6 ms. Found 0 JPA repository interfaces.
2024-03-10T19:14:41.556+09:00  INFO 64613 --- [    Test worker] o.hibernate.jpa.internal.util.LogHelper  : HHH000204: Processing PersistenceUnitInfo [name: default]
2024-03-10T19:14:41.581+09:00  INFO 64613 --- [    Test worker] org.hibernate.Version                    : HHH000412: Hibernate ORM core version 6.4.4.Final
2024-03-10T19:14:41.600+09:00  INFO 64613 --- [    Test worker] o.h.c.internal.RegionFactoryInitiator    : HHH000026: Second-level cache disabled
2024-03-10T19:14:41.699+09:00  INFO 64613 --- [    Test worker] o.s.o.j.p.SpringPersistenceUnitInfo      : No LoadTimeWeaver setup: ignoring JPA class transformer
2024-03-10T19:14:41.711+09:00  INFO 64613 --- [    Test worker] com.zaxxer.hikari.HikariDataSource       : HikariPool-1 - Starting...
2024-03-10T19:14:41.757+09:00  INFO 64613 --- [    Test worker] com.zaxxer.hikari.pool.HikariPool        : HikariPool-1 - Added connection org.mariadb.jdbc.Connection@63f2e0b
2024-03-10T19:14:41.758+09:00  INFO 64613 --- [    Test worker] com.zaxxer.hikari.HikariDataSource       : HikariPool-1 - Start completed.
2024-03-10T19:14:41.913+09:00  INFO 64613 --- [    Test worker] o.h.e.t.j.p.i.JtaPlatformInitiator       : HHH000489: No JTA platform available (set 'hibernate.transaction.jta.platform' to enable JTA platform integration)
2024-03-10T19:14:41.915+09:00  INFO 64613 --- [    Test worker] j.LocalContainerEntityManagerFactoryBean : Initialized JPA EntityManagerFactory for persistence unit 'default'
2024-03-10T19:14:42.009+09:00  WARN 64613 --- [    Test worker] JpaBaseConfiguration$JpaWebConfiguration : spring.jpa.open-in-view is enabled by default. Therefore, database queries may be performed during view rendering. Explicitly configure spring.jpa.open-in-view to disable this warning
2024-03-10T19:14:42.210+09:00  INFO 64613 --- [    Test worker] c.y.s.service.EmailServiceTest           : Started EmailServiceTest in 1.271 seconds (process running for 1.762)
]]></system-out>
  <system-err><![CDATA[]]></system-err>
</testsuite>
